14994:
2.3
3.2
4.1
2.7
3.6
3.8
3.4
3.3
2.7
2.8
3.6
3.3
3.4
4.0
14995:
3.4
3.6
14996:
3.3
3.4
3.4
3.0
2.9
3.3
3.5
3.4
2.5
3.0
2.3
3.4
2.8
3.5
2.8
3.4
4.1
2.7
2.4
14997:
4.4
3.0
3.5
4.0
3.0
3.5
4.0
14998:
3.4
14999:
3.4
3.4
3.5
4.0
3.5
3.4
3.7
3.7
3.5
3.8
3.2
3.3
4.0
3.9
3.9
3.4
3.3
3.9
3.5
3.4
3.8
3.2
3.4
3.5
3.4
3.4
3.7
3.5
3.3
4.3
3.4
3.5
3.7
4.1
3.7
3.7
4.4
4.2
15:
2.8
3.2
2.9
3.4
3.5
150:
2.7
2.9
2.4
1500:
3.8
4.1
4.1
4.1
3.5
4.5
4.7
4.6
4.1
4.4
4.3
3.9
3.8
4.1
4.0
3.7
3.7
4.1
4.0
3.6
3.7
3.6
4.3
4.3
15000:
3.5
3.2
2.4
2.7
3.0
15001:
4.4
3.6
3.5
4.0
4.4
4.8
3.6
3.8
4.2
3.7
4.1
4.5
4.4
4.9
3.8
3.7
5.0
4.8
3.9
4.7
4.1
4.2
4.0
4.1
4.1
4.2
4.0
15002:
2.9
15003:
2.1
1.7
15004:
2.6
3.5
2.7
3.3
2.8
2.5
15005:
2.0
15006:
3.9
3.2
3.5
2.7
4.1
3.1
2.8
3.1
3.2
15007:
3.1
3.0
3.5
3.2
3.6
3.9
3.0
2.8
3.1
2.6
3.0
3.4
2.8
3.6
3.4
3.0
3.4
2.9
3.8
3.0
3.4
15008:
2.0
1.4
1.6
2.5
2.7
2.1
2.3
1.8
2.5
2.3
15009:
3.4
2.6
3.5
3.3
3.6
3.3
3.8
3.9
3.4
2.9
3.0
3.6
3.1
3.8
3.8
3.1
3.8
3.8
2.5
3.0
3.6
3.1
3.5
3.1
1501:
2.6
3.1
3.4
3.6
3.4
3.8
3.4
4.1
2.1
3.0
3.1
3.1
3.0
2.8
2.8
3.1
2.6
3.0
3.4
15010:
2.7
3.5
2.9
3.9
3.5
3.5
3.9
3.0
3.8
3.3
3.2
3.5
3.6
3.3
3.1
3.0
3.0
3.8
3.2
4.1
3.6
3.7
3.9
3.8
3.9
3.8
3.8
3.4
3.9
3.5
3.3
3.6
3.0
1.4
3.9
3.3
3.5
3.6
3.4
3.4
2.5
3.9
3.8
3.0
3.5
3.4
3.1
3.8
3.5
3.7
3.6
3.6
3.4
2.9
3.4
3.4
4.2
3.4
3.1
3.0
3.0
3.3
3.5
3.3
4.0
4.5
3.7
2.7
3.4
3.3
15011:
3.2
1.9
2.6
3.2
15012:
1.8
2.3
1.1
2.2
15013:
3.5
4.4
4.2
4.2
4.0
3.2
4.4
4.9
3.6
3.3
4.4
3.5
4.1
3.6
3.9
3.9
3.9
3.9
3.7
3.5
3.6
4.1
4.4
4.0
3.7
3.6
4.0
3.8
3.6
3.7
3.8
3.6
15014:
4.7
4.6
4.7
4.8
4.3
5.0
4.5
4.4
4.9
4.1
4.8
4.8
5.0
4.2
5.0
3.6
4.6
4.4
3.3
3.4
4.2
4.7
4.0
4.5
4.5
4.0
3.8
4.3
4.3
4.9
4.4
4.7
3.9
4.2
4.4
4.7
4.7
4.3
5.0
5.0
4.5
4.3
4.5
4.2
4.4
4.6
4.5
4.0
4.9
3.6
4.3
4.4
4.2
4.3
4.6
4.4
4.2
4.8
5.0
3.8
4.7
4.4
3.7
4.4
5.0
4.2
15019:
3.1
1502:
3.0
3.2
3.0
3.2
3.2
3.3
3.2
3.2
3.1
3.4
2.9
3.9
3.5
2.7
2.8
3.5
3.0
3.0
3.9
3.3
2.9
3.6
3.0
3.8
3.6
3.8
4.2
3.2
3.1
3.3
2.7
2.7
3.8
3.6
3.9
3.0
3.3
2.7
3.5
3.0
4.1
3.2
3.3
3.4
3.2
3.4
3.7
3.7
3.6
2.9
3.1
3.5
3.7
3.3
4.2
2.6
3.1
4.4
4.1
3.2
3.5
3.5
3.7
4.1
3.5
3.9
3.3
2.6
3.6
4.1
3.3
2.5
3.7
2.7
3.9
4.2
4.1
3.3
3.9
3.3
2.8
3.3
2.9
3.0
3.2
3.3
3.0
3.3
3.2
3.2
4.0
3.0
3.6
4.2
2.7
3.6
3.4
3.8
4.1
3.4
2.8
3.6
3.4
3.8
3.2
3.9
3.1
3.3
3.1
2.5
3.3
2.8
2.9
4.1
4.1
3.6
3.1
3.3
2.9
3.8
3.0
3.2
3.3
3.3
3.7
3.5
3.1
3.7
3.0
3.1
3.2
2.7
3.5
3.5
3.4
3.5
3.6
2.9
3.1
3.1
3.5
3.2
3.7
3.7
3.8
3.5
3.5
3.2
3.2
3.6
3.3
3.5
3.9
3.1
3.3
3.5
2.6
3.3
4.1
2.9
2.7
3.4
4.1
2.9
3.7
3.8
3.4
3.8
2.6
2.5
3.3
3.0
3.2
3.2
2.9
3.5
3.6
3.3
2.7
15020:
3.7
15021:
3.7
3.6
3.5
15022:
3.3
3.7
3.3
3.2
15023:
3.5
3.9
15024:
3.8
2.8
3.0
3.6
3.2
3.5
3.1
2.9
2.5
15025:
3.1
2.9
3.2
2.8
2.8
15026:
3.8
3.7
3.8
4.0
4.1
3.0
4.0
3.7
3.6
3.2
3.6
3.3
3.5
3.3
3.9
3.2
3.9
3.9
3.3
3.3
3.1
3.2
3.9
3.7
15027:
4.3
3.5
4.2
4.1
3.8
3.9
4.5
4.0
3.8
4.5
3.7
15028:
3.0
3.0
2.6
1.9
4.1
2.9
3.1
2.3
2.9
2.6
2.9
3.2
3.4
2.7
2.7
2.3
2.2
2.5
2.8
3.2
3.2
2.6
3.3
3.0
2.1
2.3
3.3
3.3
3.3
2.4
2.4
2.6
3.3
2.9
2.7
3.6
2.7
3.2
3.2
3.1
3.0
3.7
2.8
3.1
2.7
2.6
2.8
3.0
2.0
1.9
2.8
2.1
3.0
2.2
3.2
2.9
2.5
3.0
2.4
2.7
2.9
2.1
3.1
3.5
2.4
3.5
2.9
2.6
3.6
2.9
15029:
3.7
3.5
3.4
3.1
3.0
3.2
3.2
3.3
3.1
3.2
3.0
3.6
2.8
2.6
3.3
4.0
3.0
3.3
3.0
3.2
3.5
2.7
3.3
3.3
2.8
1503:
3.3
3.1
3.6
3.7
3.9
4.0
3.4
3.9
3.1
2.7
3.7
3.4
3.2
3.9
3.0
3.1
3.8
3.1
3.8
3.7
3.7
3.3
3.3
2.9
3.8
4.3
3.9
4.3
3.0
3.1
3.8
3.1
3.6
3.4
4.2
3.4
3.3
15030:
2.9
1.7
15031:
4.1
4.4
4.5
4.0
4.2
4.0
4.8
4.3
4.1
4.4
3.7
3.8
4.1
3.8
4.4
3.5
4.7
4.4
3.8
4.1
4.2
4.7
4.4
3.5
3.9
4.5
4.0
3.7
4.2
4.3
4.0
4.1
4.2
3.8
4.0
4.2
3.8
4.3
4.3
4.4
3.9
4.3
4.4
4.2
3.8
4.0
3.8
4.2
15032:
2.5
15033:
4.0
3.6
3.9
3.5
3.8
3.7
4.0
3.5
3.7
3.9
3.9
3.5
4.5
3.5
3.7
3.7
15034:
4.1
3.9
2.2
2.9
3.4
3.5
3.0
2.3
3.3
3.0
3.2
3.1
3.2
3.2
2.5
2.8
3.0
2.8
2.7
2.8
3.5
3.7
3.6
3.1
2.7
3.5
15035:
3.8
3.6
4.0
4.9
4.3
4.5
4.1
4.8
4.5
4.5
4.4
3.9
3.4
4.3
4.0
4.4
4.5
4.2
3.9
3.9
3.9
4.1
4.4
3.7
3.8
5.0
4.4
4.2
4.5
5.0
4.2
4.3
4.3
3.7
4.1
4.1
4.4
4.3
4.7
4.0
4.1
5.0
4.2
4.7
3.9
4.0
4.3
4.3
15036:
3.1
3.5
4.0
3.9
3.8
4.7
4.6
4.2
3.9
4.0
4.5
4.5
4.0
4.4
4.6
3.9
3.6
3.9
4.5
3.9
3.8
4.4
3.8
3.8
4.4
4.2
4.0
4.2
4.1
5.0
4.2
4.3
3.3
15037:
3.7
4.3
3.8
3.9
4.2
4.2
4.7
3.9
3.9
3.8
3.8
4.0
3.9
4.0
4.4
4.3
3.9
3.9
3.8
3.7
3.9
3.9
4.4
3.9
3.7
4.1
3.9
5.0
3.7
3.9
3.9
4.2
4.2
3.8
3.9
4.5
3.9
4.5
4.3
4.6
4.6
3.7
3.8
4.6
4.1
3.1
3.8
3.7
4.3
4.6
4.3
3.9
3.9
3.3
4.6
4.4
4.0
4.1
4.3
3.4
RMSE: 0.9384201719681092
